<?xml version="1.0" encoding="UTF-8"?>
<testng-results skipped="0" failed="0" ignored="0" total="1" passed="1">
  <reporter-output>
  </reporter-output>
  <suite name="Default suite" duration-ms="31385" started-at="2017-12-12T10:32:39Z" finished-at="2017-12-12T10:33:10Z">
    <groups>
    </groups>
    <test name="Default test" duration-ms="31385" started-at="2017-12-12T10:32:39Z" finished-at="2017-12-12T10:33:10Z">
      <class name="jmeter.kin_jmeter">
        <test-method status="PASS" signature="Setup()[pri:0, instance:jmeter.kin_jmeter@4439f31e]" name="Setup" duration-ms="31356" started-at="2017-12-12T16:17:39Z" finished-at="2017-12-12T16:18:10Z">
          <reporter-output>
          </reporter-output>
        </test-method> <!-- Setup -->
      </class> <!-- jmeter.kin_jmeter -->
    </test> <!-- Default test -->
  </suite> <!-- Default suite -->
</testng-results>
